  [4;36;1mSQL (0.8ms)[0m   [0;1m SELECT name
 FROM sqlite_master
 WHERE type = 'table' AND NOT name = 'sqlite_sequence'
[0m
  [4;35;1mSQL (0.3ms)[0m   [0mselect sqlite_version(*)[0m
  [4;36;1mSQL (2.8ms)[0m   [0;1mCREATE TABLE "schema_migrations" ("version" varchar(255) NOT NULL) [0m
  [4;35;1mSQL (2.9ms)[0m   [0mCREATE UNIQUE INDEX "unique_schema_migrations" ON "schema_migrations" ("version")[0m
  [4;36;1mSQL (0.3ms)[0m   [0;1m SELECT name
 FROM sqlite_master
 WHERE type = 'table' AND NOT name = 'sqlite_sequence'
[0m
  [4;35;1mSQL (0.1ms)[0m   [0mSELECT version FROM schema_migrations[0m
Migrating to CreateUsers (20090324203452)
  [4;36;1mSQL (2.9ms)[0m   [0;1mCREATE TABLE "users" ("id" INTEGER PRIMARY KEY AUTOINCREMENT NOT NULL, "login" varchar(255), "crypted_password" varchar(255), "password_salt" varchar(255), "persistence_token" varchar(255), "login_count" integer, "last_request_at" datetime, "last_login_at" datetime, "current_login_at" datetime, "last_login_ip" varchar(255), "current_login_ip" varchar(255), "created_at" datetime, "updated_at" datetime) [0m
  [4;35;1mSQL (2.7ms)[0m   [0mINSERT INTO schema_migrations (version) VALUES ('20090324203452')[0m
  [4;36;1mSQL (0.5ms)[0m   [0;1m SELECT name
 FROM sqlite_master
 WHERE type = 'table' AND NOT name = 'sqlite_sequence'
[0m
  [4;35;1mSQL (0.3ms)[0m   [0mSELECT version FROM schema_migrations[0m
  [4;36;1mSQL (0.3ms)[0m   [0;1m SELECT name
 FROM sqlite_master
 WHERE type = 'table' AND NOT name = 'sqlite_sequence'
[0m
  [4;35;1mSQL (0.1ms)[0m   [0mPRAGMA index_list("users")[0m


Processing ApplicationController#index (for 127.0.0.1 at 2009-03-24 16:07:41) [GET]


ActionController::RoutingError (No route matches "/user" with {:method=>:get}):
    /opt/local/lib/ruby/gems/1.8/gems/actionpack-2.2.2/lib/action_controller/routing/recognition_optimisation.rb:66:in `recognize_path'
    /opt/local/lib/ruby/gems/1.8/gems/actionpack-2.2.2/lib/action_controller/routing/route_set.rb:386:in `recognize'
    /opt/local/lib/ruby/gems/1.8/gems/actionpack-2.2.2/lib/action_controller/dispatcher.rb:182:in `handle_request'
    /opt/local/lib/ruby/gems/1.8/gems/actionpack-2.2.2/lib/action_controller/dispatcher.rb:110:in `dispatch_unlocked'
    /opt/local/lib/ruby/gems/1.8/gems/actionpack-2.2.2/lib/action_controller/dispatcher.rb:123:in `dispatch'
    /opt/local/lib/ruby/gems/1.8/gems/actionpack-2.2.2/lib/action_controller/dispatcher.rb:122:in `synchronize'
    /opt/local/lib/ruby/gems/1.8/gems/actionpack-2.2.2/lib/action_controller/dispatcher.rb:122:in `dispatch'
    /opt/local/lib/ruby/gems/1.8/gems/actionpack-2.2.2/lib/action_controller/dispatcher.rb:132:in `dispatch_cgi'
    /opt/local/lib/ruby/gems/1.8/gems/actionpack-2.2.2/lib/action_controller/dispatcher.rb:39:in `dispatch'
    /opt/local/lib/ruby/gems/1.8/gems/mongrel-1.1.5/bin/../lib/mongrel/rails.rb:76:in `process'
    /opt/local/lib/ruby/gems/1.8/gems/mongrel-1.1.5/bin/../lib/mongrel/rails.rb:74:in `synchronize'
    /opt/local/lib/ruby/gems/1.8/gems/mongrel-1.1.5/bin/../lib/mongrel/rails.rb:74:in `process'
    /opt/local/lib/ruby/gems/1.8/gems/mongrel-1.1.5/lib/mongrel.rb:159:in `process_client'
    /opt/local/lib/ruby/gems/1.8/gems/mongrel-1.1.5/lib/mongrel.rb:158:in `each'
    /opt/local/lib/ruby/gems/1.8/gems/mongrel-1.1.5/lib/mongrel.rb:158:in `process_client'
    /opt/local/lib/ruby/gems/1.8/gems/mongrel-1.1.5/lib/mongrel.rb:285:in `run'
    /opt/local/lib/ruby/gems/1.8/gems/mongrel-1.1.5/lib/mongrel.rb:285:in `initialize'
    /opt/local/lib/ruby/gems/1.8/gems/mongrel-1.1.5/lib/mongrel.rb:285:in `new'
    /opt/local/lib/ruby/gems/1.8/gems/mongrel-1.1.5/lib/mongrel.rb:285:in `run'
    /opt/local/lib/ruby/gems/1.8/gems/mongrel-1.1.5/lib/mongrel.rb:268:in `initialize'
    /opt/local/lib/ruby/gems/1.8/gems/mongrel-1.1.5/lib/mongrel.rb:268:in `new'
    /opt/local/lib/ruby/gems/1.8/gems/mongrel-1.1.5/lib/mongrel.rb:268:in `run'
    /opt/local/lib/ruby/gems/1.8/gems/mongrel-1.1.5/lib/mongrel/configurator.rb:282:in `run'
    /opt/local/lib/ruby/gems/1.8/gems/mongrel-1.1.5/lib/mongrel/configurator.rb:281:in `each'
    /opt/local/lib/ruby/gems/1.8/gems/mongrel-1.1.5/lib/mongrel/configurator.rb:281:in `run'
    /opt/local/lib/ruby/gems/1.8/gems/mongrel-1.1.5/bin/mongrel_rails:128:in `run'
    /opt/local/lib/ruby/gems/1.8/gems/mongrel-1.1.5/lib/mongrel/command.rb:212:in `run'
    /opt/local/lib/ruby/gems/1.8/gems/mongrel-1.1.5/bin/mongrel_rails:281
    /opt/local/lib/ruby/gems/1.8/gems/activesupport-2.2.2/lib/active_support/dependencies.rb:142:in `load_without_new_constant_marking'
    /opt/local/lib/ruby/gems/1.8/gems/activesupport-2.2.2/lib/active_support/dependencies.rb:142:in `load'
    /opt/local/lib/ruby/gems/1.8/gems/activesupport-2.2.2/lib/active_support/dependencies.rb:521:in `new_constants_in'
    /opt/local/lib/ruby/gems/1.8/gems/activesupport-2.2.2/lib/active_support/dependencies.rb:142:in `load'
    /opt/local/lib/ruby/gems/1.8/gems/rails-2.2.2/lib/commands/servers/mongrel.rb:64
    /opt/local/lib/ruby/vendor_ruby/1.8/rubygems/custom_require.rb:31:in `gem_original_require'
    /opt/local/lib/ruby/vendor_ruby/1.8/rubygems/custom_require.rb:31:in `require'
    /opt/local/lib/ruby/gems/1.8/gems/activesupport-2.2.2/lib/active_support/dependencies.rb:153:in `require'
    /opt/local/lib/ruby/gems/1.8/gems/activesupport-2.2.2/lib/active_support/dependencies.rb:521:in `new_constants_in'
    /opt/local/lib/ruby/gems/1.8/gems/activesupport-2.2.2/lib/active_support/dependencies.rb:153:in `require'
    /opt/local/lib/ruby/gems/1.8/gems/rails-2.2.2/lib/commands/server.rb:49
    /opt/local/lib/ruby/vendor_ruby/1.8/rubygems/custom_require.rb:31:in `gem_original_require'
    /opt/local/lib/ruby/vendor_ruby/1.8/rubygems/custom_require.rb:31:in `require'
    ./script/server:3

Rendering /opt/local/lib/ruby/gems/1.8/gems/actionpack-2.2.2/lib/action_controller/templates/rescues/layout.erb (not_found)


Processing UsersController#index (for 127.0.0.1 at 2009-03-24 16:07:43) [GET]
  Parameters: {"action"=>"index", "controller"=>"users"}


ActionController::UnknownAction (No action responded to index. Actions: create, edit, new, show, and update):
    /opt/local/lib/ruby/gems/1.8/gems/actionpack-2.2.2/lib/action_controller/filters.rb:617:in `call_filters'
    /opt/local/lib/ruby/gems/1.8/gems/actionpack-2.2.2/lib/action_controller/filters.rb:610:in `perform_action_without_benchmark'
    /opt/local/lib/ruby/gems/1.8/gems/actionpack-2.2.2/lib/action_controller/benchmarking.rb:68:in `perform_action_without_rescue'
    /opt/local/lib/ruby/1.8/benchmark.rb:293:in `measure'
    /opt/local/lib/ruby/gems/1.8/gems/actionpack-2.2.2/lib/action_controller/benchmarking.rb:68:in `perform_action_without_rescue'
    /opt/local/lib/ruby/gems/1.8/gems/actionpack-2.2.2/lib/action_controller/rescue.rb:136:in `perform_action_without_caching'
    /opt/local/lib/ruby/gems/1.8/gems/actionpack-2.2.2/lib/action_controller/caching/sql_cache.rb:13:in `perform_action'
    /opt/local/lib/ruby/gems/1.8/gems/activerecord-2.2.2/lib/active_record/connection_adapters/abstract/query_cache.rb:34:in `cache'
    /opt/local/lib/ruby/gems/1.8/gems/activerecord-2.2.2/lib/active_record/query_cache.rb:8:in `cache'
    /opt/local/lib/ruby/gems/1.8/gems/actionpack-2.2.2/lib/action_controller/caching/sql_cache.rb:12:in `perform_action'
    /opt/local/lib/ruby/gems/1.8/gems/actionpack-2.2.2/lib/action_controller/base.rb:524:in `send'
    /opt/local/lib/ruby/gems/1.8/gems/actionpack-2.2.2/lib/action_controller/base.rb:524:in `process_without_filters'
    /opt/local/lib/ruby/gems/1.8/gems/actionpack-2.2.2/lib/action_controller/filters.rb:606:in `process_without_session_management_support'
    /opt/local/lib/ruby/gems/1.8/gems/actionpack-2.2.2/lib/action_controller/session_management.rb:134:in `process'
    /opt/local/lib/ruby/gems/1.8/gems/actionpack-2.2.2/lib/action_controller/base.rb:392:in `process'
    /opt/local/lib/ruby/gems/1.8/gems/actionpack-2.2.2/lib/action_controller/dispatcher.rb:183:in `handle_request'
    /opt/local/lib/ruby/gems/1.8/gems/actionpack-2.2.2/lib/action_controller/dispatcher.rb:110:in `dispatch_unlocked'
    /opt/local/lib/ruby/gems/1.8/gems/actionpack-2.2.2/lib/action_controller/dispatcher.rb:123:in `dispatch'
    /opt/local/lib/ruby/gems/1.8/gems/actionpack-2.2.2/lib/action_controller/dispatcher.rb:122:in `synchronize'
    /opt/local/lib/ruby/gems/1.8/gems/actionpack-2.2.2/lib/action_controller/dispatcher.rb:122:in `dispatch'
    /opt/local/lib/ruby/gems/1.8/gems/actionpack-2.2.2/lib/action_controller/dispatcher.rb:132:in `dispatch_cgi'
    /opt/local/lib/ruby/gems/1.8/gems/actionpack-2.2.2/lib/action_controller/dispatcher.rb:39:in `dispatch'
    /opt/local/lib/ruby/gems/1.8/gems/mongrel-1.1.5/bin/../lib/mongrel/rails.rb:76:in `process'
    /opt/local/lib/ruby/gems/1.8/gems/mongrel-1.1.5/bin/../lib/mongrel/rails.rb:74:in `synchronize'
    /opt/local/lib/ruby/gems/1.8/gems/mongrel-1.1.5/bin/../lib/mongrel/rails.rb:74:in `process'
    /opt/local/lib/ruby/gems/1.8/gems/mongrel-1.1.5/lib/mongrel.rb:159:in `process_client'
    /opt/local/lib/ruby/gems/1.8/gems/mongrel-1.1.5/lib/mongrel.rb:158:in `each'
    /opt/local/lib/ruby/gems/1.8/gems/mongrel-1.1.5/lib/mongrel.rb:158:in `process_client'
    /opt/local/lib/ruby/gems/1.8/gems/mongrel-1.1.5/lib/mongrel.rb:285:in `run'
    /opt/local/lib/ruby/gems/1.8/gems/mongrel-1.1.5/lib/mongrel.rb:285:in `initialize'
    /opt/local/lib/ruby/gems/1.8/gems/mongrel-1.1.5/lib/mongrel.rb:285:in `new'
    /opt/local/lib/ruby/gems/1.8/gems/mongrel-1.1.5/lib/mongrel.rb:285:in `run'
    /opt/local/lib/ruby/gems/1.8/gems/mongrel-1.1.5/lib/mongrel.rb:268:in `initialize'
    /opt/local/lib/ruby/gems/1.8/gems/mongrel-1.1.5/lib/mongrel.rb:268:in `new'
    /opt/local/lib/ruby/gems/1.8/gems/mongrel-1.1.5/lib/mongrel.rb:268:in `run'
    /opt/local/lib/ruby/gems/1.8/gems/mongrel-1.1.5/lib/mongrel/configurator.rb:282:in `run'
    /opt/local/lib/ruby/gems/1.8/gems/mongrel-1.1.5/lib/mongrel/configurator.rb:281:in `each'
    /opt/local/lib/ruby/gems/1.8/gems/mongrel-1.1.5/lib/mongrel/configurator.rb:281:in `run'
    /opt/local/lib/ruby/gems/1.8/gems/mongrel-1.1.5/bin/mongrel_rails:128:in `run'
    /opt/local/lib/ruby/gems/1.8/gems/mongrel-1.1.5/lib/mongrel/command.rb:212:in `run'
    /opt/local/lib/ruby/gems/1.8/gems/mongrel-1.1.5/bin/mongrel_rails:281
    /opt/local/lib/ruby/gems/1.8/gems/activesupport-2.2.2/lib/active_support/dependencies.rb:142:in `load_without_new_constant_marking'
    /opt/local/lib/ruby/gems/1.8/gems/activesupport-2.2.2/lib/active_support/dependencies.rb:142:in `load'
    /opt/local/lib/ruby/gems/1.8/gems/activesupport-2.2.2/lib/active_support/dependencies.rb:521:in `new_constants_in'
    /opt/local/lib/ruby/gems/1.8/gems/activesupport-2.2.2/lib/active_support/dependencies.rb:142:in `load'
    /opt/local/lib/ruby/gems/1.8/gems/rails-2.2.2/lib/commands/servers/mongrel.rb:64
    /opt/local/lib/ruby/vendor_ruby/1.8/rubygems/custom_require.rb:31:in `gem_original_require'
    /opt/local/lib/ruby/vendor_ruby/1.8/rubygems/custom_require.rb:31:in `require'
    /opt/local/lib/ruby/gems/1.8/gems/activesupport-2.2.2/lib/active_support/dependencies.rb:153:in `require'
    /opt/local/lib/ruby/gems/1.8/gems/activesupport-2.2.2/lib/active_support/dependencies.rb:521:in `new_constants_in'
    /opt/local/lib/ruby/gems/1.8/gems/activesupport-2.2.2/lib/active_support/dependencies.rb:153:in `require'
    /opt/local/lib/ruby/gems/1.8/gems/rails-2.2.2/lib/commands/server.rb:49
    /opt/local/lib/ruby/vendor_ruby/1.8/rubygems/custom_require.rb:31:in `gem_original_require'
    /opt/local/lib/ruby/vendor_ruby/1.8/rubygems/custom_require.rb:31:in `require'
    ./script/server:3

Rendering /opt/local/lib/ruby/gems/1.8/gems/actionpack-2.2.2/lib/action_controller/templates/rescues/layout.erb (not_found)


Processing UserSessionsController#new (for 127.0.0.1 at 2009-03-24 16:08:13) [GET]
  Parameters: {"action"=>"new", "controller"=>"user_sessions"}


TypeError (Authlogic is not a class/module):
    /app/models/user.rb:2
    /opt/local/lib/ruby/gems/1.8/gems/activesupport-2.2.2/lib/active_support/dependencies.rb:382:in `load_without_new_constant_marking'
    /opt/local/lib/ruby/gems/1.8/gems/activesupport-2.2.2/lib/active_support/dependencies.rb:382:in `load_file'
    /opt/local/lib/ruby/gems/1.8/gems/activesupport-2.2.2/lib/active_support/dependencies.rb:521:in `new_constants_in'
    /opt/local/lib/ruby/gems/1.8/gems/activesupport-2.2.2/lib/active_support/dependencies.rb:381:in `load_file'
    /opt/local/lib/ruby/gems/1.8/gems/activesupport-2.2.2/lib/active_support/dependencies.rb:256:in `require_or_load'
    /opt/local/lib/ruby/gems/1.8/gems/activesupport-2.2.2/lib/active_support/dependencies.rb:427:in `load_missing_constant'
    /opt/local/lib/ruby/gems/1.8/gems/activesupport-2.2.2/lib/active_support/dependencies.rb:77:in `const_missing'
    /opt/local/lib/ruby/gems/1.8/gems/activesupport-2.2.2/lib/active_support/dependencies.rb:89:in `const_missing'
    /opt/local/lib/ruby/gems/1.8/gems/activesupport-2.2.2/lib/active_support/inflector.rb:352:in `constantize'
    /opt/local/lib/ruby/gems/1.8/gems/activesupport-2.2.2/lib/active_support/inflector.rb:351:in `each'
    /opt/local/lib/ruby/gems/1.8/gems/activesupport-2.2.2/lib/active_support/inflector.rb:351:in `constantize'
    /opt/local/lib/ruby/gems/1.8/gems/activesupport-2.2.2/lib/active_support/core_ext/string/inflections.rb:162:in `constantize'
    /vendor/plugins/authlogic/lib/authlogic/session/klass.rb:33:in `klass'
    /vendor/plugins/authlogic/lib/authlogic/session/password.rb:47:in `login_field'
    /vendor/plugins/authlogic/lib/authlogic/session/password.rb:143:in `login_field'
    /vendor/plugins/authlogic/lib/authlogic/session/password.rb:74:in `initialize'
    /vendor/plugins/authlogic/lib/authlogic/session/activation.rb:46:in `initialize'
    /vendor/plugins/authlogic/lib/authlogic/session/klass.rb:61:in `initialize'
    /vendor/plugins/authlogic/lib/authlogic/session/scopes.rb:79:in `initialize'
    /vendor/plugins/authlogic/lib/authlogic/session/persistence.rb:37:in `new'
    /vendor/plugins/authlogic/lib/authlogic/session/persistence.rb:37:in `find'
    /app/controllers/application.rb:22:in `current_user_session'
    /app/controllers/application.rb:27:in `current_user'
    /app/controllers/application.rb:40:in `require_no_user'
    /opt/local/lib/ruby/gems/1.8/gems/activesupport-2.2.2/lib/active_support/callbacks.rb:178:in `send'
    /opt/local/lib/ruby/gems/1.8/gems/activesupport-2.2.2/lib/active_support/callbacks.rb:178:in `evaluate_method'
    /opt/local/lib/ruby/gems/1.8/gems/activesupport-2.2.2/lib/active_support/callbacks.rb:166:in `call'
    /opt/local/lib/ruby/gems/1.8/gems/actionpack-2.2.2/lib/action_controller/filters.rb:225:in `call'
    /opt/local/lib/ruby/gems/1.8/gems/actionpack-2.2.2/lib/action_controller/filters.rb:629:in `run_before_filters'
    /opt/local/lib/ruby/gems/1.8/gems/actionpack-2.2.2/lib/action_controller/filters.rb:615:in `call_filters'
    /opt/local/lib/ruby/gems/1.8/gems/actionpack-2.2.2/lib/action_controller/filters.rb:610:in `perform_action_without_benchmark'
    /opt/local/lib/ruby/gems/1.8/gems/actionpack-2.2.2/lib/action_controller/benchmarking.rb:68:in `perform_action_without_rescue'
    /opt/local/lib/ruby/1.8/benchmark.rb:293:in `measure'
    /opt/local/lib/ruby/gems/1.8/gems/actionpack-2.2.2/lib/action_controller/benchmarking.rb:68:in `perform_action_without_rescue'
    /opt/local/lib/ruby/gems/1.8/gems/actionpack-2.2.2/lib/action_controller/rescue.rb:136:in `perform_action_without_caching'
    /opt/local/lib/ruby/gems/1.8/gems/actionpack-2.2.2/lib/action_controller/caching/sql_cache.rb:13:in `perform_action'
    /opt/local/lib/ruby/gems/1.8/gems/activerecord-2.2.2/lib/active_record/connection_adapters/abstract/query_cache.rb:34:in `cache'
    /opt/local/lib/ruby/gems/1.8/gems/activerecord-2.2.2/lib/active_record/query_cache.rb:8:in `cache'
    /opt/local/lib/ruby/gems/1.8/gems/actionpack-2.2.2/lib/action_controller/caching/sql_cache.rb:12:in `perform_action'
    /opt/local/lib/ruby/gems/1.8/gems/actionpack-2.2.2/lib/action_controller/base.rb:524:in `send'
    /opt/local/lib/ruby/gems/1.8/gems/actionpack-2.2.2/lib/action_controller/base.rb:524:in `process_without_filters'
    /opt/local/lib/ruby/gems/1.8/gems/actionpack-2.2.2/lib/action_controller/filters.rb:606:in `process_without_session_management_support'
    /opt/local/lib/ruby/gems/1.8/gems/actionpack-2.2.2/lib/action_controller/session_management.rb:134:in `process'
    /opt/local/lib/ruby/gems/1.8/gems/actionpack-2.2.2/lib/action_controller/base.rb:392:in `process'
    /opt/local/lib/ruby/gems/1.8/gems/actionpack-2.2.2/lib/action_controller/dispatcher.rb:183:in `handle_request'
    /opt/local/lib/ruby/gems/1.8/gems/actionpack-2.2.2/lib/action_controller/dispatcher.rb:110:in `dispatch_unlocked'
    /opt/local/lib/ruby/gems/1.8/gems/actionpack-2.2.2/lib/action_controller/dispatcher.rb:123:in `dispatch'
    /opt/local/lib/ruby/gems/1.8/gems/actionpack-2.2.2/lib/action_controller/dispatcher.rb:122:in `synchronize'
    /opt/local/lib/ruby/gems/1.8/gems/actionpack-2.2.2/lib/action_controller/dispatcher.rb:122:in `dispatch'
    /opt/local/lib/ruby/gems/1.8/gems/actionpack-2.2.2/lib/action_controller/dispatcher.rb:132:in `dispatch_cgi'
    /opt/local/lib/ruby/gems/1.8/gems/actionpack-2.2.2/lib/action_controller/dispatcher.rb:39:in `dispatch'
    /opt/local/lib/ruby/gems/1.8/gems/mongrel-1.1.5/bin/../lib/mongrel/rails.rb:76:in `process'
    /opt/local/lib/ruby/gems/1.8/gems/mongrel-1.1.5/bin/../lib/mongrel/rails.rb:74:in `synchronize'
    /opt/local/lib/ruby/gems/1.8/gems/mongrel-1.1.5/bin/../lib/mongrel/rails.rb:74:in `process'
    /opt/local/lib/ruby/gems/1.8/gems/mongrel-1.1.5/lib/mongrel.rb:159:in `process_client'
    /opt/local/lib/ruby/gems/1.8/gems/mongrel-1.1.5/lib/mongrel.rb:158:in `each'
    /opt/local/lib/ruby/gems/1.8/gems/mongrel-1.1.5/lib/mongrel.rb:158:in `process_client'
    /opt/local/lib/ruby/gems/1.8/gems/mongrel-1.1.5/lib/mongrel.rb:285:in `run'
    /opt/local/lib/ruby/gems/1.8/gems/mongrel-1.1.5/lib/mongrel.rb:285:in `initialize'
    /opt/local/lib/ruby/gems/1.8/gems/mongrel-1.1.5/lib/mongrel.rb:285:in `new'
    /opt/local/lib/ruby/gems/1.8/gems/mongrel-1.1.5/lib/mongrel.rb:285:in `run'
    /opt/local/lib/ruby/gems/1.8/gems/mongrel-1.1.5/lib/mongrel.rb:268:in `initialize'
    /opt/local/lib/ruby/gems/1.8/gems/mongrel-1.1.5/lib/mongrel.rb:268:in `new'
    /opt/local/lib/ruby/gems/1.8/gems/mongrel-1.1.5/lib/mongrel.rb:268:in `run'
    /opt/local/lib/ruby/gems/1.8/gems/mongrel-1.1.5/lib/mongrel/configurator.rb:282:in `run'
    /opt/local/lib/ruby/gems/1.8/gems/mongrel-1.1.5/lib/mongrel/configurator.rb:281:in `each'
    /opt/local/lib/ruby/gems/1.8/gems/mongrel-1.1.5/lib/mongrel/configurator.rb:281:in `run'
    /opt/local/lib/ruby/gems/1.8/gems/mongrel-1.1.5/bin/mongrel_rails:128:in `run'
    /opt/local/lib/ruby/gems/1.8/gems/mongrel-1.1.5/lib/mongrel/command.rb:212:in `run'
    /opt/local/lib/ruby/gems/1.8/gems/mongrel-1.1.5/bin/mongrel_rails:281
    /opt/local/lib/ruby/gems/1.8/gems/activesupport-2.2.2/lib/active_support/dependencies.rb:142:in `load_without_new_constant_marking'
    /opt/local/lib/ruby/gems/1.8/gems/activesupport-2.2.2/lib/active_support/dependencies.rb:142:in `load'
    /opt/local/lib/ruby/gems/1.8/gems/activesupport-2.2.2/lib/active_support/dependencies.rb:521:in `new_constants_in'
    /opt/local/lib/ruby/gems/1.8/gems/activesupport-2.2.2/lib/active_support/dependencies.rb:142:in `load'
    /opt/local/lib/ruby/gems/1.8/gems/rails-2.2.2/lib/commands/servers/mongrel.rb:64
    /opt/local/lib/ruby/vendor_ruby/1.8/rubygems/custom_require.rb:31:in `gem_original_require'
    /opt/local/lib/ruby/vendor_ruby/1.8/rubygems/custom_require.rb:31:in `require'
    /opt/local/lib/ruby/gems/1.8/gems/activesupport-2.2.2/lib/active_support/dependencies.rb:153:in `require'
    /opt/local/lib/ruby/gems/1.8/gems/activesupport-2.2.2/lib/active_support/dependencies.rb:521:in `new_constants_in'
    /opt/local/lib/ruby/gems/1.8/gems/activesupport-2.2.2/lib/active_support/dependencies.rb:153:in `require'
    /opt/local/lib/ruby/gems/1.8/gems/rails-2.2.2/lib/commands/server.rb:49
    /opt/local/lib/ruby/vendor_ruby/1.8/rubygems/custom_require.rb:31:in `gem_original_require'
    /opt/local/lib/ruby/vendor_ruby/1.8/rubygems/custom_require.rb:31:in `require'
    ./script/server:3

Rendered /opt/local/lib/ruby/gems/1.8/gems/actionpack-2.2.2/lib/action_controller/templates/rescues/_trace (92.1ms)
Rendered /opt/local/lib/ruby/gems/1.8/gems/actionpack-2.2.2/lib/action_controller/templates/rescues/_request_and_response (1.1ms)
Rendering /opt/local/lib/ruby/gems/1.8/gems/actionpack-2.2.2/lib/action_controller/templates/rescues/layout.erb (internal_server_error)


Processing UserSessionsController#new (for 127.0.0.1 at 2009-03-24 16:09:22) [GET]
  Parameters: {"action"=>"new", "controller"=>"user_sessions"}


TypeError (Authlogic is not a class/module):
    /app/models/user.rb:2
    /opt/local/lib/ruby/gems/1.8/gems/activesupport-2.2.2/lib/active_support/dependencies.rb:382:in `load_without_new_constant_marking'
    /opt/local/lib/ruby/gems/1.8/gems/activesupport-2.2.2/lib/active_support/dependencies.rb:382:in `load_file'
    /opt/local/lib/ruby/gems/1.8/gems/activesupport-2.2.2/lib/active_support/dependencies.rb:521:in `new_constants_in'
    /opt/local/lib/ruby/gems/1.8/gems/activesupport-2.2.2/lib/active_support/dependencies.rb:381:in `load_file'
    /opt/local/lib/ruby/gems/1.8/gems/activesupport-2.2.2/lib/active_support/dependencies.rb:256:in `require_or_load'
    /opt/local/lib/ruby/gems/1.8/gems/activesupport-2.2.2/lib/active_support/dependencies.rb:427:in `load_missing_constant'
    /opt/local/lib/ruby/gems/1.8/gems/activesupport-2.2.2/lib/active_support/dependencies.rb:77:in `const_missing'
    /opt/local/lib/ruby/gems/1.8/gems/activesupport-2.2.2/lib/active_support/dependencies.rb:89:in `const_missing'
    /opt/local/lib/ruby/gems/1.8/gems/activesupport-2.2.2/lib/active_support/inflector.rb:352:in `constantize'
    /opt/local/lib/ruby/gems/1.8/gems/activesupport-2.2.2/lib/active_support/inflector.rb:351:in `each'
    /opt/local/lib/ruby/gems/1.8/gems/activesupport-2.2.2/lib/active_support/inflector.rb:351:in `constantize'
    /opt/local/lib/ruby/gems/1.8/gems/activesupport-2.2.2/lib/active_support/core_ext/string/inflections.rb:162:in `constantize'
    /vendor/plugins/authlogic/lib/authlogic/session/klass.rb:33:in `klass'
    /vendor/plugins/authlogic/lib/authlogic/session/password.rb:47:in `login_field'
    /vendor/plugins/authlogic/lib/authlogic/session/password.rb:143:in `login_field'
    /vendor/plugins/authlogic/lib/authlogic/session/password.rb:74:in `initialize'
    /vendor/plugins/authlogic/lib/authlogic/session/activation.rb:46:in `initialize'
    /vendor/plugins/authlogic/lib/authlogic/session/klass.rb:61:in `initialize'
    /vendor/plugins/authlogic/lib/authlogic/session/scopes.rb:79:in `initialize'
    /vendor/plugins/authlogic/lib/authlogic/session/persistence.rb:37:in `new'
    /vendor/plugins/authlogic/lib/authlogic/session/persistence.rb:37:in `find'
    /app/controllers/application.rb:22:in `current_user_session'
    /app/controllers/application.rb:27:in `current_user'
    /app/controllers/application.rb:40:in `require_no_user'
    /opt/local/lib/ruby/gems/1.8/gems/activesupport-2.2.2/lib/active_support/callbacks.rb:178:in `send'
    /opt/local/lib/ruby/gems/1.8/gems/activesupport-2.2.2/lib/active_support/callbacks.rb:178:in `evaluate_method'
    /opt/local/lib/ruby/gems/1.8/gems/activesupport-2.2.2/lib/active_support/callbacks.rb:166:in `call'
    /opt/local/lib/ruby/gems/1.8/gems/actionpack-2.2.2/lib/action_controller/filters.rb:225:in `call'
    /opt/local/lib/ruby/gems/1.8/gems/actionpack-2.2.2/lib/action_controller/filters.rb:629:in `run_before_filters'
    /opt/local/lib/ruby/gems/1.8/gems/actionpack-2.2.2/lib/action_controller/filters.rb:615:in `call_filters'
    /opt/local/lib/ruby/gems/1.8/gems/actionpack-2.2.2/lib/action_controller/filters.rb:610:in `perform_action_without_benchmark'
    /opt/local/lib/ruby/gems/1.8/gems/actionpack-2.2.2/lib/action_controller/benchmarking.rb:68:in `perform_action_without_rescue'
    /opt/local/lib/ruby/1.8/benchmark.rb:293:in `measure'
    /opt/local/lib/ruby/gems/1.8/gems/actionpack-2.2.2/lib/action_controller/benchmarking.rb:68:in `perform_action_without_rescue'
    /opt/local/lib/ruby/gems/1.8/gems/actionpack-2.2.2/lib/action_controller/rescue.rb:136:in `perform_action_without_caching'
    /opt/local/lib/ruby/gems/1.8/gems/actionpack-2.2.2/lib/action_controller/caching/sql_cache.rb:13:in `perform_action'
    /opt/local/lib/ruby/gems/1.8/gems/activerecord-2.2.2/lib/active_record/connection_adapters/abstract/query_cache.rb:34:in `cache'
    /opt/local/lib/ruby/gems/1.8/gems/activerecord-2.2.2/lib/active_record/query_cache.rb:8:in `cache'
    /opt/local/lib/ruby/gems/1.8/gems/actionpack-2.2.2/lib/action_controller/caching/sql_cache.rb:12:in `perform_action'
    /opt/local/lib/ruby/gems/1.8/gems/actionpack-2.2.2/lib/action_controller/base.rb:524:in `send'
    /opt/local/lib/ruby/gems/1.8/gems/actionpack-2.2.2/lib/action_controller/base.rb:524:in `process_without_filters'
    /opt/local/lib/ruby/gems/1.8/gems/actionpack-2.2.2/lib/action_controller/filters.rb:606:in `process_without_session_management_support'
    /opt/local/lib/ruby/gems/1.8/gems/actionpack-2.2.2/lib/action_controller/session_management.rb:134:in `process'
    /opt/local/lib/ruby/gems/1.8/gems/actionpack-2.2.2/lib/action_controller/base.rb:392:in `process'
    /opt/local/lib/ruby/gems/1.8/gems/actionpack-2.2.2/lib/action_controller/dispatcher.rb:183:in `handle_request'
    /opt/local/lib/ruby/gems/1.8/gems/actionpack-2.2.2/lib/action_controller/dispatcher.rb:110:in `dispatch_unlocked'
    /opt/local/lib/ruby/gems/1.8/gems/actionpack-2.2.2/lib/action_controller/dispatcher.rb:123:in `dispatch'
    /opt/local/lib/ruby/gems/1.8/gems/actionpack-2.2.2/lib/action_controller/dispatcher.rb:122:in `synchronize'
    /opt/local/lib/ruby/gems/1.8/gems/actionpack-2.2.2/lib/action_controller/dispatcher.rb:122:in `dispatch'
    /opt/local/lib/ruby/gems/1.8/gems/actionpack-2.2.2/lib/action_controller/dispatcher.rb:132:in `dispatch_cgi'
    /opt/local/lib/ruby/gems/1.8/gems/actionpack-2.2.2/lib/action_controller/dispatcher.rb:39:in `dispatch'
    /opt/local/lib/ruby/gems/1.8/gems/mongrel-1.1.5/bin/../lib/mongrel/rails.rb:76:in `process'
    /opt/local/lib/ruby/gems/1.8/gems/mongrel-1.1.5/bin/../lib/mongrel/rails.rb:74:in `synchronize'
    /opt/local/lib/ruby/gems/1.8/gems/mongrel-1.1.5/bin/../lib/mongrel/rails.rb:74:in `process'
    /opt/local/lib/ruby/gems/1.8/gems/mongrel-1.1.5/lib/mongrel.rb:159:in `process_client'
    /opt/local/lib/ruby/gems/1.8/gems/mongrel-1.1.5/lib/mongrel.rb:158:in `each'
    /opt/local/lib/ruby/gems/1.8/gems/mongrel-1.1.5/lib/mongrel.rb:158:in `process_client'
    /opt/local/lib/ruby/gems/1.8/gems/mongrel-1.1.5/lib/mongrel.rb:285:in `run'
    /opt/local/lib/ruby/gems/1.8/gems/mongrel-1.1.5/lib/mongrel.rb:285:in `initialize'
    /opt/local/lib/ruby/gems/1.8/gems/mongrel-1.1.5/lib/mongrel.rb:285:in `new'
    /opt/local/lib/ruby/gems/1.8/gems/mongrel-1.1.5/lib/mongrel.rb:285:in `run'
    /opt/local/lib/ruby/gems/1.8/gems/mongrel-1.1.5/lib/mongrel.rb:268:in `initialize'
    /opt/local/lib/ruby/gems/1.8/gems/mongrel-1.1.5/lib/mongrel.rb:268:in `new'
    /opt/local/lib/ruby/gems/1.8/gems/mongrel-1.1.5/lib/mongrel.rb:268:in `run'
    /opt/local/lib/ruby/gems/1.8/gems/mongrel-1.1.5/lib/mongrel/configurator.rb:282:in `run'
    /opt/local/lib/ruby/gems/1.8/gems/mongrel-1.1.5/lib/mongrel/configurator.rb:281:in `each'
    /opt/local/lib/ruby/gems/1.8/gems/mongrel-1.1.5/lib/mongrel/configurator.rb:281:in `run'
    /opt/local/lib/ruby/gems/1.8/gems/mongrel-1.1.5/bin/mongrel_rails:128:in `run'
    /opt/local/lib/ruby/gems/1.8/gems/mongrel-1.1.5/lib/mongrel/command.rb:212:in `run'
    /opt/local/lib/ruby/gems/1.8/gems/mongrel-1.1.5/bin/mongrel_rails:281
    /opt/local/lib/ruby/gems/1.8/gems/activesupport-2.2.2/lib/active_support/dependencies.rb:142:in `load_without_new_constant_marking'
    /opt/local/lib/ruby/gems/1.8/gems/activesupport-2.2.2/lib/active_support/dependencies.rb:142:in `load'
    /opt/local/lib/ruby/gems/1.8/gems/activesupport-2.2.2/lib/active_support/dependencies.rb:521:in `new_constants_in'
    /opt/local/lib/ruby/gems/1.8/gems/activesupport-2.2.2/lib/active_support/dependencies.rb:142:in `load'
    /opt/local/lib/ruby/gems/1.8/gems/rails-2.2.2/lib/commands/servers/mongrel.rb:64
    /opt/local/lib/ruby/vendor_ruby/1.8/rubygems/custom_require.rb:31:in `gem_original_require'
    /opt/local/lib/ruby/vendor_ruby/1.8/rubygems/custom_require.rb:31:in `require'
    /opt/local/lib/ruby/gems/1.8/gems/activesupport-2.2.2/lib/active_support/dependencies.rb:153:in `require'
    /opt/local/lib/ruby/gems/1.8/gems/activesupport-2.2.2/lib/active_support/dependencies.rb:521:in `new_constants_in'
    /opt/local/lib/ruby/gems/1.8/gems/activesupport-2.2.2/lib/active_support/dependencies.rb:153:in `require'
    /opt/local/lib/ruby/gems/1.8/gems/rails-2.2.2/lib/commands/server.rb:49
    /opt/local/lib/ruby/vendor_ruby/1.8/rubygems/custom_require.rb:31:in `gem_original_require'
    /opt/local/lib/ruby/vendor_ruby/1.8/rubygems/custom_require.rb:31:in `require'
    ./script/server:3

Rendered /opt/local/lib/ruby/gems/1.8/gems/actionpack-2.2.2/lib/action_controller/templates/rescues/_trace (93.0ms)
Rendered /opt/local/lib/ruby/gems/1.8/gems/actionpack-2.2.2/lib/action_controller/templates/rescues/_request_and_response (0.7ms)
Rendering /opt/local/lib/ruby/gems/1.8/gems/actionpack-2.2.2/lib/action_controller/templates/rescues/layout.erb (internal_server_error)


Processing UserSessionsController#new (for 127.0.0.1 at 2009-03-24 16:10:36) [GET]
  Parameters: {"action"=>"new", "controller"=>"user_sessions"}


TypeError (Authlogic is not a class/module):
    /app/models/user.rb:2
    /opt/local/lib/ruby/gems/1.8/gems/activesupport-2.2.2/lib/active_support/dependencies.rb:382:in `load_without_new_constant_marking'
    /opt/local/lib/ruby/gems/1.8/gems/activesupport-2.2.2/lib/active_support/dependencies.rb:382:in `load_file'
    /opt/local/lib/ruby/gems/1.8/gems/activesupport-2.2.2/lib/active_support/dependencies.rb:521:in `new_constants_in'
    /opt/local/lib/ruby/gems/1.8/gems/activesupport-2.2.2/lib/active_support/dependencies.rb:381:in `load_file'
    /opt/local/lib/ruby/gems/1.8/gems/activesupport-2.2.2/lib/active_support/dependencies.rb:256:in `require_or_load'
    /opt/local/lib/ruby/gems/1.8/gems/activesupport-2.2.2/lib/active_support/dependencies.rb:427:in `load_missing_constant'
    /opt/local/lib/ruby/gems/1.8/gems/activesupport-2.2.2/lib/active_support/dependencies.rb:77:in `const_missing'
    /opt/local/lib/ruby/gems/1.8/gems/activesupport-2.2.2/lib/active_support/dependencies.rb:89:in `const_missing'
    /opt/local/lib/ruby/gems/1.8/gems/activesupport-2.2.2/lib/active_support/inflector.rb:352:in `constantize'
    /opt/local/lib/ruby/gems/1.8/gems/activesupport-2.2.2/lib/active_support/inflector.rb:351:in `each'
    /opt/local/lib/ruby/gems/1.8/gems/activesupport-2.2.2/lib/active_support/inflector.rb:351:in `constantize'
    /opt/local/lib/ruby/gems/1.8/gems/activesupport-2.2.2/lib/active_support/core_ext/string/inflections.rb:162:in `constantize'
    /vendor/plugins/authlogic/lib/authlogic/session/klass.rb:33:in `klass'
    /vendor/plugins/authlogic/lib/authlogic/session/password.rb:47:in `login_field'
    /vendor/plugins/authlogic/lib/authlogic/session/password.rb:143:in `login_field'
    /vendor/plugins/authlogic/lib/authlogic/session/password.rb:74:in `initialize'
    /vendor/plugins/authlogic/lib/authlogic/session/activation.rb:46:in `initialize'
    /vendor/plugins/authlogic/lib/authlogic/session/klass.rb:61:in `initialize'
    /vendor/plugins/authlogic/lib/authlogic/session/scopes.rb:79:in `initialize'
    /vendor/plugins/authlogic/lib/authlogic/session/persistence.rb:37:in `new'
    /vendor/plugins/authlogic/lib/authlogic/session/persistence.rb:37:in `find'
    /app/controllers/application.rb:22:in `current_user_session'
    /app/controllers/application.rb:27:in `current_user'
    /app/controllers/application.rb:40:in `require_no_user'
    /opt/local/lib/ruby/gems/1.8/gems/activesupport-2.2.2/lib/active_support/callbacks.rb:178:in `send'
    /opt/local/lib/ruby/gems/1.8/gems/activesupport-2.2.2/lib/active_support/callbacks.rb:178:in `evaluate_method'
    /opt/local/lib/ruby/gems/1.8/gems/activesupport-2.2.2/lib/active_support/callbacks.rb:166:in `call'
    /opt/local/lib/ruby/gems/1.8/gems/actionpack-2.2.2/lib/action_controller/filters.rb:225:in `call'
    /opt/local/lib/ruby/gems/1.8/gems/actionpack-2.2.2/lib/action_controller/filters.rb:629:in `run_before_filters'
    /opt/local/lib/ruby/gems/1.8/gems/actionpack-2.2.2/lib/action_controller/filters.rb:615:in `call_filters'
    /opt/local/lib/ruby/gems/1.8/gems/actionpack-2.2.2/lib/action_controller/filters.rb:610:in `perform_action_without_benchmark'
    /opt/local/lib/ruby/gems/1.8/gems/actionpack-2.2.2/lib/action_controller/benchmarking.rb:68:in `perform_action_without_rescue'
    /opt/local/lib/ruby/1.8/benchmark.rb:293:in `measure'
    /opt/local/lib/ruby/gems/1.8/gems/actionpack-2.2.2/lib/action_controller/benchmarking.rb:68:in `perform_action_without_rescue'
    /opt/local/lib/ruby/gems/1.8/gems/actionpack-2.2.2/lib/action_controller/rescue.rb:136:in `perform_action_without_caching'
    /opt/local/lib/ruby/gems/1.8/gems/actionpack-2.2.2/lib/action_controller/caching/sql_cache.rb:13:in `perform_action'
    /opt/local/lib/ruby/gems/1.8/gems/activerecord-2.2.2/lib/active_record/connection_adapters/abstract/query_cache.rb:34:in `cache'
    /opt/local/lib/ruby/gems/1.8/gems/activerecord-2.2.2/lib/active_record/query_cache.rb:8:in `cache'
    /opt/local/lib/ruby/gems/1.8/gems/actionpack-2.2.2/lib/action_controller/caching/sql_cache.rb:12:in `perform_action'
    /opt/local/lib/ruby/gems/1.8/gems/actionpack-2.2.2/lib/action_controller/base.rb:524:in `send'
    /opt/local/lib/ruby/gems/1.8/gems/actionpack-2.2.2/lib/action_controller/base.rb:524:in `process_without_filters'
    /opt/local/lib/ruby/gems/1.8/gems/actionpack-2.2.2/lib/action_controller/filters.rb:606:in `process_without_session_management_support'
    /opt/local/lib/ruby/gems/1.8/gems/actionpack-2.2.2/lib/action_controller/session_management.rb:134:in `process'
    /opt/local/lib/ruby/gems/1.8/gems/actionpack-2.2.2/lib/action_controller/base.rb:392:in `process'
    /opt/local/lib/ruby/gems/1.8/gems/actionpack-2.2.2/lib/action_controller/dispatcher.rb:183:in `handle_request'
    /opt/local/lib/ruby/gems/1.8/gems/actionpack-2.2.2/lib/action_controller/dispatcher.rb:110:in `dispatch_unlocked'
    /opt/local/lib/ruby/gems/1.8/gems/actionpack-2.2.2/lib/action_controller/dispatcher.rb:123:in `dispatch'
    /opt/local/lib/ruby/gems/1.8/gems/actionpack-2.2.2/lib/action_controller/dispatcher.rb:122:in `synchronize'
    /opt/local/lib/ruby/gems/1.8/gems/actionpack-2.2.2/lib/action_controller/dispatcher.rb:122:in `dispatch'
    /opt/local/lib/ruby/gems/1.8/gems/actionpack-2.2.2/lib/action_controller/dispatcher.rb:132:in `dispatch_cgi'
    /opt/local/lib/ruby/gems/1.8/gems/actionpack-2.2.2/lib/action_controller/dispatcher.rb:39:in `dispatch'
    /opt/local/lib/ruby/gems/1.8/gems/mongrel-1.1.5/bin/../lib/mongrel/rails.rb:76:in `process'
    /opt/local/lib/ruby/gems/1.8/gems/mongrel-1.1.5/bin/../lib/mongrel/rails.rb:74:in `synchronize'
    /opt/local/lib/ruby/gems/1.8/gems/mongrel-1.1.5/bin/../lib/mongrel/rails.rb:74:in `process'
    /opt/local/lib/ruby/gems/1.8/gems/mongrel-1.1.5/lib/mongrel.rb:159:in `process_client'
    /opt/local/lib/ruby/gems/1.8/gems/mongrel-1.1.5/lib/mongrel.rb:158:in `each'
    /opt/local/lib/ruby/gems/1.8/gems/mongrel-1.1.5/lib/mongrel.rb:158:in `process_client'
    /opt/local/lib/ruby/gems/1.8/gems/mongrel-1.1.5/lib/mongrel.rb:285:in `run'
    /opt/local/lib/ruby/gems/1.8/gems/mongrel-1.1.5/lib/mongrel.rb:285:in `initialize'
    /opt/local/lib/ruby/gems/1.8/gems/mongrel-1.1.5/lib/mongrel.rb:285:in `new'
    /opt/local/lib/ruby/gems/1.8/gems/mongrel-1.1.5/lib/mongrel.rb:285:in `run'
    /opt/local/lib/ruby/gems/1.8/gems/mongrel-1.1.5/lib/mongrel.rb:268:in `initialize'
    /opt/local/lib/ruby/gems/1.8/gems/mongrel-1.1.5/lib/mongrel.rb:268:in `new'
    /opt/local/lib/ruby/gems/1.8/gems/mongrel-1.1.5/lib/mongrel.rb:268:in `run'
    /opt/local/lib/ruby/gems/1.8/gems/mongrel-1.1.5/lib/mongrel/configurator.rb:282:in `run'
    /opt/local/lib/ruby/gems/1.8/gems/mongrel-1.1.5/lib/mongrel/configurator.rb:281:in `each'
    /opt/local/lib/ruby/gems/1.8/gems/mongrel-1.1.5/lib/mongrel/configurator.rb:281:in `run'
    /opt/local/lib/ruby/gems/1.8/gems/mongrel-1.1.5/bin/mongrel_rails:128:in `run'
    /opt/local/lib/ruby/gems/1.8/gems/mongrel-1.1.5/lib/mongrel/command.rb:212:in `run'
    /opt/local/lib/ruby/gems/1.8/gems/mongrel-1.1.5/bin/mongrel_rails:281
    /opt/local/lib/ruby/gems/1.8/gems/activesupport-2.2.2/lib/active_support/dependencies.rb:142:in `load_without_new_constant_marking'
    /opt/local/lib/ruby/gems/1.8/gems/activesupport-2.2.2/lib/active_support/dependencies.rb:142:in `load'
    /opt/local/lib/ruby/gems/1.8/gems/activesupport-2.2.2/lib/active_support/dependencies.rb:521:in `new_constants_in'
    /opt/local/lib/ruby/gems/1.8/gems/activesupport-2.2.2/lib/active_support/dependencies.rb:142:in `load'
    /opt/local/lib/ruby/gems/1.8/gems/rails-2.2.2/lib/commands/servers/mongrel.rb:64
    /opt/local/lib/ruby/vendor_ruby/1.8/rubygems/custom_require.rb:31:in `gem_original_require'
    /opt/local/lib/ruby/vendor_ruby/1.8/rubygems/custom_require.rb:31:in `require'
    /opt/local/lib/ruby/gems/1.8/gems/activesupport-2.2.2/lib/active_support/dependencies.rb:153:in `require'
    /opt/local/lib/ruby/gems/1.8/gems/activesupport-2.2.2/lib/active_support/dependencies.rb:521:in `new_constants_in'
    /opt/local/lib/ruby/gems/1.8/gems/activesupport-2.2.2/lib/active_support/dependencies.rb:153:in `require'
    /opt/local/lib/ruby/gems/1.8/gems/rails-2.2.2/lib/commands/server.rb:49
    /opt/local/lib/ruby/vendor_ruby/1.8/rubygems/custom_require.rb:31:in `gem_original_require'
    /opt/local/lib/ruby/vendor_ruby/1.8/rubygems/custom_require.rb:31:in `require'
    ./script/server:3

Rendered /opt/local/lib/ruby/gems/1.8/gems/actionpack-2.2.2/lib/action_controller/templates/rescues/_trace (37.3ms)
Rendered /opt/local/lib/ruby/gems/1.8/gems/actionpack-2.2.2/lib/action_controller/templates/rescues/_request_and_response (0.5ms)
Rendering /opt/local/lib/ruby/gems/1.8/gems/actionpack-2.2.2/lib/action_controller/templates/rescues/layout.erb (internal_server_error)


Processing UserSessionsController#new (for 127.0.0.1 at 2009-03-24 16:11:27) [GET]
  Parameters: {"action"=>"new", "controller"=>"user_sessions"}


ArgumentError (wrong number of arguments (1 for 0)):
    /app/models/user.rb:2:in `acts_as_authentic'
    /app/models/user.rb:2
    /opt/local/lib/ruby/gems/1.8/gems/activesupport-2.2.2/lib/active_support/dependencies.rb:382:in `load_without_new_constant_marking'
    /opt/local/lib/ruby/gems/1.8/gems/activesupport-2.2.2/lib/active_support/dependencies.rb:382:in `load_file'
    /opt/local/lib/ruby/gems/1.8/gems/activesupport-2.2.2/lib/active_support/dependencies.rb:521:in `new_constants_in'
    /opt/local/lib/ruby/gems/1.8/gems/activesupport-2.2.2/lib/active_support/dependencies.rb:381:in `load_file'
    /opt/local/lib/ruby/gems/1.8/gems/activesupport-2.2.2/lib/active_support/dependencies.rb:256:in `require_or_load'
    /opt/local/lib/ruby/gems/1.8/gems/activesupport-2.2.2/lib/active_support/dependencies.rb:427:in `load_missing_constant'
    /opt/local/lib/ruby/gems/1.8/gems/activesupport-2.2.2/lib/active_support/dependencies.rb:77:in `const_missing'
    /opt/local/lib/ruby/gems/1.8/gems/activesupport-2.2.2/lib/active_support/dependencies.rb:89:in `const_missing'
    /opt/local/lib/ruby/gems/1.8/gems/activesupport-2.2.2/lib/active_support/inflector.rb:352:in `constantize'
    /opt/local/lib/ruby/gems/1.8/gems/activesupport-2.2.2/lib/active_support/inflector.rb:351:in `each'
    /opt/local/lib/ruby/gems/1.8/gems/activesupport-2.2.2/lib/active_support/inflector.rb:351:in `constantize'
    /opt/local/lib/ruby/gems/1.8/gems/activesupport-2.2.2/lib/active_support/core_ext/string/inflections.rb:162:in `constantize'
    /vendor/plugins/authlogic/lib/authlogic/session/klass.rb:33:in `klass'
    /vendor/plugins/authlogic/lib/authlogic/session/password.rb:47:in `login_field'
    /vendor/plugins/authlogic/lib/authlogic/session/password.rb:143:in `login_field'
    /vendor/plugins/authlogic/lib/authlogic/session/password.rb:74:in `initialize'
    /vendor/plugins/authlogic/lib/authlogic/session/activation.rb:46:in `initialize'
    /vendor/plugins/authlogic/lib/authlogic/session/klass.rb:61:in `initialize'
    /vendor/plugins/authlogic/lib/authlogic/session/scopes.rb:79:in `initialize'
    /vendor/plugins/authlogic/lib/authlogic/session/persistence.rb:37:in `new'
    /vendor/plugins/authlogic/lib/authlogic/session/persistence.rb:37:in `find'
    /app/controllers/application.rb:22:in `current_user_session'
    /app/controllers/application.rb:27:in `current_user'
    /app/controllers/application.rb:40:in `require_no_user'
    /opt/local/lib/ruby/gems/1.8/gems/activesupport-2.2.2/lib/active_support/callbacks.rb:178:in `send'
    /opt/local/lib/ruby/gems/1.8/gems/activesupport-2.2.2/lib/active_support/callbacks.rb:178:in `evaluate_method'
    /opt/local/lib/ruby/gems/1.8/gems/activesupport-2.2.2/lib/active_support/callbacks.rb:166:in `call'
    /opt/local/lib/ruby/gems/1.8/gems/actionpack-2.2.2/lib/action_controller/filters.rb:225:in `call'
    /opt/local/lib/ruby/gems/1.8/gems/actionpack-2.2.2/lib/action_controller/filters.rb:629:in `run_before_filters'
    /opt/local/lib/ruby/gems/1.8/gems/actionpack-2.2.2/lib/action_controller/filters.rb:615:in `call_filters'
    /opt/local/lib/ruby/gems/1.8/gems/actionpack-2.2.2/lib/action_controller/filters.rb:610:in `perform_action_without_benchmark'
    /opt/local/lib/ruby/gems/1.8/gems/actionpack-2.2.2/lib/action_controller/benchmarking.rb:68:in `perform_action_without_rescue'
    /opt/local/lib/ruby/1.8/benchmark.rb:293:in `measure'
    /opt/local/lib/ruby/gems/1.8/gems/actionpack-2.2.2/lib/action_controller/benchmarking.rb:68:in `perform_action_without_rescue'
    /opt/local/lib/ruby/gems/1.8/gems/actionpack-2.2.2/lib/action_controller/rescue.rb:136:in `perform_action_without_caching'
    /opt/local/lib/ruby/gems/1.8/gems/actionpack-2.2.2/lib/action_controller/caching/sql_cache.rb:13:in `perform_action'
    /opt/local/lib/ruby/gems/1.8/gems/activerecord-2.2.2/lib/active_record/connection_adapters/abstract/query_cache.rb:34:in `cache'
    /opt/local/lib/ruby/gems/1.8/gems/activerecord-2.2.2/lib/active_record/query_cache.rb:8:in `cache'
    /opt/local/lib/ruby/gems/1.8/gems/actionpack-2.2.2/lib/action_controller/caching/sql_cache.rb:12:in `perform_action'
    /opt/local/lib/ruby/gems/1.8/gems/actionpack-2.2.2/lib/action_controller/base.rb:524:in `send'
    /opt/local/lib/ruby/gems/1.8/gems/actionpack-2.2.2/lib/action_controller/base.rb:524:in `process_without_filters'
    /opt/local/lib/ruby/gems/1.8/gems/actionpack-2.2.2/lib/action_controller/filters.rb:606:in `process_without_session_management_support'
    /opt/local/lib/ruby/gems/1.8/gems/actionpack-2.2.2/lib/action_controller/session_management.rb:134:in `process'
    /opt/local/lib/ruby/gems/1.8/gems/actionpack-2.2.2/lib/action_controller/base.rb:392:in `process'
    /opt/local/lib/ruby/gems/1.8/gems/actionpack-2.2.2/lib/action_controller/dispatcher.rb:183:in `handle_request'
    /opt/local/lib/ruby/gems/1.8/gems/actionpack-2.2.2/lib/action_controller/dispatcher.rb:110:in `dispatch_unlocked'
    /opt/local/lib/ruby/gems/1.8/gems/actionpack-2.2.2/lib/action_controller/dispatcher.rb:123:in `dispatch'
    /opt/local/lib/ruby/gems/1.8/gems/actionpack-2.2.2/lib/action_controller/dispatcher.rb:122:in `synchronize'
    /opt/local/lib/ruby/gems/1.8/gems/actionpack-2.2.2/lib/action_controller/dispatcher.rb:122:in `dispatch'
    /opt/local/lib/ruby/gems/1.8/gems/actionpack-2.2.2/lib/action_controller/dispatcher.rb:132:in `dispatch_cgi'
    /opt/local/lib/ruby/gems/1.8/gems/actionpack-2.2.2/lib/action_controller/dispatcher.rb:39:in `dispatch'
    /opt/local/lib/ruby/gems/1.8/gems/mongrel-1.1.5/bin/../lib/mongrel/rails.rb:76:in `process'
    /opt/local/lib/ruby/gems/1.8/gems/mongrel-1.1.5/bin/../lib/mongrel/rails.rb:74:in `synchronize'
    /opt/local/lib/ruby/gems/1.8/gems/mongrel-1.1.5/bin/../lib/mongrel/rails.rb:74:in `process'
    /opt/local/lib/ruby/gems/1.8/gems/mongrel-1.1.5/lib/mongrel.rb:159:in `process_client'
    /opt/local/lib/ruby/gems/1.8/gems/mongrel-1.1.5/lib/mongrel.rb:158:in `each'
    /opt/local/lib/ruby/gems/1.8/gems/mongrel-1.1.5/lib/mongrel.rb:158:in `process_client'
    /opt/local/lib/ruby/gems/1.8/gems/mongrel-1.1.5/lib/mongrel.rb:285:in `run'
    /opt/local/lib/ruby/gems/1.8/gems/mongrel-1.1.5/lib/mongrel.rb:285:in `initialize'
    /opt/local/lib/ruby/gems/1.8/gems/mongrel-1.1.5/lib/mongrel.rb:285:in `new'
    /opt/local/lib/ruby/gems/1.8/gems/mongrel-1.1.5/lib/mongrel.rb:285:in `run'
    /opt/local/lib/ruby/gems/1.8/gems/mongrel-1.1.5/lib/mongrel.rb:268:in `initialize'
    /opt/local/lib/ruby/gems/1.8/gems/mongrel-1.1.5/lib/mongrel.rb:268:in `new'
    /opt/local/lib/ruby/gems/1.8/gems/mongrel-1.1.5/lib/mongrel.rb:268:in `run'
    /opt/local/lib/ruby/gems/1.8/gems/mongrel-1.1.5/lib/mongrel/configurator.rb:282:in `run'
    /opt/local/lib/ruby/gems/1.8/gems/mongrel-1.1.5/lib/mongrel/configurator.rb:281:in `each'
    /opt/local/lib/ruby/gems/1.8/gems/mongrel-1.1.5/lib/mongrel/configurator.rb:281:in `run'
    /opt/local/lib/ruby/gems/1.8/gems/mongrel-1.1.5/bin/mongrel_rails:128:in `run'
    /opt/local/lib/ruby/gems/1.8/gems/mongrel-1.1.5/lib/mongrel/command.rb:212:in `run'
    /opt/local/lib/ruby/gems/1.8/gems/mongrel-1.1.5/bin/mongrel_rails:281
    /opt/local/lib/ruby/gems/1.8/gems/activesupport-2.2.2/lib/active_support/dependencies.rb:142:in `load_without_new_constant_marking'
    /opt/local/lib/ruby/gems/1.8/gems/activesupport-2.2.2/lib/active_support/dependencies.rb:142:in `load'
    /opt/local/lib/ruby/gems/1.8/gems/activesupport-2.2.2/lib/active_support/dependencies.rb:521:in `new_constants_in'
    /opt/local/lib/ruby/gems/1.8/gems/activesupport-2.2.2/lib/active_support/dependencies.rb:142:in `load'
    /opt/local/lib/ruby/gems/1.8/gems/rails-2.2.2/lib/commands/servers/mongrel.rb:64
    /opt/local/lib/ruby/vendor_ruby/1.8/rubygems/custom_require.rb:31:in `gem_original_require'
    /opt/local/lib/ruby/vendor_ruby/1.8/rubygems/custom_require.rb:31:in `require'
    /opt/local/lib/ruby/gems/1.8/gems/activesupport-2.2.2/lib/active_support/dependencies.rb:153:in `require'
    /opt/local/lib/ruby/gems/1.8/gems/activesupport-2.2.2/lib/active_support/dependencies.rb:521:in `new_constants_in'
    /opt/local/lib/ruby/gems/1.8/gems/activesupport-2.2.2/lib/active_support/dependencies.rb:153:in `require'
    /opt/local/lib/ruby/gems/1.8/gems/rails-2.2.2/lib/commands/server.rb:49
    /opt/local/lib/ruby/vendor_ruby/1.8/rubygems/custom_require.rb:31:in `gem_original_require'
    /opt/local/lib/ruby/vendor_ruby/1.8/rubygems/custom_require.rb:31:in `require'
    ./script/server:3

Rendered /opt/local/lib/ruby/gems/1.8/gems/actionpack-2.2.2/lib/action_controller/templates/rescues/_trace (41.1ms)
Rendered /opt/local/lib/ruby/gems/1.8/gems/actionpack-2.2.2/lib/action_controller/templates/rescues/_request_and_response (0.6ms)
Rendering /opt/local/lib/ruby/gems/1.8/gems/actionpack-2.2.2/lib/action_controller/templates/rescues/layout.erb (internal_server_error)


Processing UserSessionsController#new (for 127.0.0.1 at 2009-03-24 16:11:52) [GET]
  Parameters: {"action"=>"new", "controller"=>"user_sessions"}


ArgumentError (wrong number of arguments (1 for 0)):
    /app/models/user.rb:2:in `acts_as_authentic'
    /app/models/user.rb:2
    /opt/local/lib/ruby/gems/1.8/gems/activesupport-2.2.2/lib/active_support/dependencies.rb:382:in `load_without_new_constant_marking'
    /opt/local/lib/ruby/gems/1.8/gems/activesupport-2.2.2/lib/active_support/dependencies.rb:382:in `load_file'
    /opt/local/lib/ruby/gems/1.8/gems/activesupport-2.2.2/lib/active_support/dependencies.rb:521:in `new_constants_in'
    /opt/local/lib/ruby/gems/1.8/gems/activesupport-2.2.2/lib/active_support/dependencies.rb:381:in `load_file'
    /opt/local/lib/ruby/gems/1.8/gems/activesupport-2.2.2/lib/active_support/dependencies.rb:256:in `require_or_load'
    /opt/local/lib/ruby/gems/1.8/gems/activesupport-2.2.2/lib/active_support/dependencies.rb:427:in `load_missing_constant'
    /opt/local/lib/ruby/gems/1.8/gems/activesupport-2.2.2/lib/active_support/dependencies.rb:77:in `const_missing'
    /opt/local/lib/ruby/gems/1.8/gems/activesupport-2.2.2/lib/active_support/dependencies.rb:89:in `const_missing'
    /opt/local/lib/ruby/gems/1.8/gems/activesupport-2.2.2/lib/active_support/inflector.rb:352:in `constantize'
    /opt/local/lib/ruby/gems/1.8/gems/activesupport-2.2.2/lib/active_support/inflector.rb:351:in `each'
    /opt/local/lib/ruby/gems/1.8/gems/activesupport-2.2.2/lib/active_support/inflector.rb:351:in `constantize'
    /opt/local/lib/ruby/gems/1.8/gems/activesupport-2.2.2/lib/active_support/core_ext/string/inflections.rb:162:in `constantize'
    /vendor/plugins/authlogic/lib/authlogic/session/klass.rb:33:in `klass'
    /vendor/plugins/authlogic/lib/authlogic/session/password.rb:47:in `login_field'
    /vendor/plugins/authlogic/lib/authlogic/session/password.rb:143:in `login_field'
    /vendor/plugins/authlogic/lib/authlogic/session/password.rb:74:in `initialize'
    /vendor/plugins/authlogic/lib/authlogic/session/activation.rb:46:in `initialize'
    /vendor/plugins/authlogic/lib/authlogic/session/klass.rb:61:in `initialize'
    /vendor/plugins/authlogic/lib/authlogic/session/scopes.rb:79:in `initialize'
    /vendor/plugins/authlogic/lib/authlogic/session/persistence.rb:37:in `new'
    /vendor/plugins/authlogic/lib/authlogic/session/persistence.rb:37:in `find'
    /app/controllers/application.rb:22:in `current_user_session'
    /app/controllers/application.rb:27:in `current_user'
    /app/controllers/application.rb:40:in `require_no_user'
    /opt/local/lib/ruby/gems/1.8/gems/activesupport-2.2.2/lib/active_support/callbacks.rb:178:in `send'
    /opt/local/lib/ruby/gems/1.8/gems/activesupport-2.2.2/lib/active_support/callbacks.rb:178:in `evaluate_method'
    /opt/local/lib/ruby/gems/1.8/gems/activesupport-2.2.2/lib/active_support/callbacks.rb:166:in `call'
    /opt/local/lib/ruby/gems/1.8/gems/actionpack-2.2.2/lib/action_controller/filters.rb:225:in `call'
    /opt/local/lib/ruby/gems/1.8/gems/actionpack-2.2.2/lib/action_controller/filters.rb:629:in `run_before_filters'
    /opt/local/lib/ruby/gems/1.8/gems/actionpack-2.2.2/lib/action_controller/filters.rb:615:in `call_filters'
    /opt/local/lib/ruby/gems/1.8/gems/actionpack-2.2.2/lib/action_controller/filters.rb:610:in `perform_action_without_benchmark'
    /opt/local/lib/ruby/gems/1.8/gems/actionpack-2.2.2/lib/action_controller/benchmarking.rb:68:in `perform_action_without_rescue'
    /opt/local/lib/ruby/1.8/benchmark.rb:293:in `measure'
    /opt/local/lib/ruby/gems/1.8/gems/actionpack-2.2.2/lib/action_controller/benchmarking.rb:68:in `perform_action_without_rescue'
    /opt/local/lib/ruby/gems/1.8/gems/actionpack-2.2.2/lib/action_controller/rescue.rb:136:in `perform_action_without_caching'
    /opt/local/lib/ruby/gems/1.8/gems/actionpack-2.2.2/lib/action_controller/caching/sql_cache.rb:13:in `perform_action'
    /opt/local/lib/ruby/gems/1.8/gems/activerecord-2.2.2/lib/active_record/connection_adapters/abstract/query_cache.rb:34:in `cache'
    /opt/local/lib/ruby/gems/1.8/gems/activerecord-2.2.2/lib/active_record/query_cache.rb:8:in `cache'
    /opt/local/lib/ruby/gems/1.8/gems/actionpack-2.2.2/lib/action_controller/caching/sql_cache.rb:12:in `perform_action'
    /opt/local/lib/ruby/gems/1.8/gems/actionpack-2.2.2/lib/action_controller/base.rb:524:in `send'
    /opt/local/lib/ruby/gems/1.8/gems/actionpack-2.2.2/lib/action_controller/base.rb:524:in `process_without_filters'
    /opt/local/lib/ruby/gems/1.8/gems/actionpack-2.2.2/lib/action_controller/filters.rb:606:in `process_without_session_management_support'
    /opt/local/lib/ruby/gems/1.8/gems/actionpack-2.2.2/lib/action_controller/session_management.rb:134:in `process'
    /opt/local/lib/ruby/gems/1.8/gems/actionpack-2.2.2/lib/action_controller/base.rb:392:in `process'
    /opt/local/lib/ruby/gems/1.8/gems/actionpack-2.2.2/lib/action_controller/dispatcher.rb:183:in `handle_request'
    /opt/local/lib/ruby/gems/1.8/gems/actionpack-2.2.2/lib/action_controller/dispatcher.rb:110:in `dispatch_unlocked'
    /opt/local/lib/ruby/gems/1.8/gems/actionpack-2.2.2/lib/action_controller/dispatcher.rb:123:in `dispatch'
    /opt/local/lib/ruby/gems/1.8/gems/actionpack-2.2.2/lib/action_controller/dispatcher.rb:122:in `synchronize'
    /opt/local/lib/ruby/gems/1.8/gems/actionpack-2.2.2/lib/action_controller/dispatcher.rb:122:in `dispatch'
    /opt/local/lib/ruby/gems/1.8/gems/actionpack-2.2.2/lib/action_controller/dispatcher.rb:132:in `dispatch_cgi'
    /opt/local/lib/ruby/gems/1.8/gems/actionpack-2.2.2/lib/action_controller/dispatcher.rb:39:in `dispatch'
    /opt/local/lib/ruby/gems/1.8/gems/mongrel-1.1.5/bin/../lib/mongrel/rails.rb:76:in `process'
    /opt/local/lib/ruby/gems/1.8/gems/mongrel-1.1.5/bin/../lib/mongrel/rails.rb:74:in `synchronize'
    /opt/local/lib/ruby/gems/1.8/gems/mongrel-1.1.5/bin/../lib/mongrel/rails.rb:74:in `process'
    /opt/local/lib/ruby/gems/1.8/gems/mongrel-1.1.5/lib/mongrel.rb:159:in `process_client'
    /opt/local/lib/ruby/gems/1.8/gems/mongrel-1.1.5/lib/mongrel.rb:158:in `each'
    /opt/local/lib/ruby/gems/1.8/gems/mongrel-1.1.5/lib/mongrel.rb:158:in `process_client'
    /opt/local/lib/ruby/gems/1.8/gems/mongrel-1.1.5/lib/mongrel.rb:285:in `run'
    /opt/local/lib/ruby/gems/1.8/gems/mongrel-1.1.5/lib/mongrel.rb:285:in `initialize'
    /opt/local/lib/ruby/gems/1.8/gems/mongrel-1.1.5/lib/mongrel.rb:285:in `new'
    /opt/local/lib/ruby/gems/1.8/gems/mongrel-1.1.5/lib/mongrel.rb:285:in `run'
    /opt/local/lib/ruby/gems/1.8/gems/mongrel-1.1.5/lib/mongrel.rb:268:in `initialize'
    /opt/local/lib/ruby/gems/1.8/gems/mongrel-1.1.5/lib/mongrel.rb:268:in `new'
    /opt/local/lib/ruby/gems/1.8/gems/mongrel-1.1.5/lib/mongrel.rb:268:in `run'
    /opt/local/lib/ruby/gems/1.8/gems/mongrel-1.1.5/lib/mongrel/configurator.rb:282:in `run'
    /opt/local/lib/ruby/gems/1.8/gems/mongrel-1.1.5/lib/mongrel/configurator.rb:281:in `each'
    /opt/local/lib/ruby/gems/1.8/gems/mongrel-1.1.5/lib/mongrel/configurator.rb:281:in `run'
    /opt/local/lib/ruby/gems/1.8/gems/mongrel-1.1.5/bin/mongrel_rails:128:in `run'
    /opt/local/lib/ruby/gems/1.8/gems/mongrel-1.1.5/lib/mongrel/command.rb:212:in `run'
    /opt/local/lib/ruby/gems/1.8/gems/mongrel-1.1.5/bin/mongrel_rails:281
    /opt/local/lib/ruby/gems/1.8/gems/activesupport-2.2.2/lib/active_support/dependencies.rb:142:in `load_without_new_constant_marking'
    /opt/local/lib/ruby/gems/1.8/gems/activesupport-2.2.2/lib/active_support/dependencies.rb:142:in `load'
    /opt/local/lib/ruby/gems/1.8/gems/activesupport-2.2.2/lib/active_support/dependencies.rb:521:in `new_constants_in'
    /opt/local/lib/ruby/gems/1.8/gems/activesupport-2.2.2/lib/active_support/dependencies.rb:142:in `load'
    /opt/local/lib/ruby/gems/1.8/gems/rails-2.2.2/lib/commands/servers/mongrel.rb:64
    /opt/local/lib/ruby/vendor_ruby/1.8/rubygems/custom_require.rb:31:in `gem_original_require'
    /opt/local/lib/ruby/vendor_ruby/1.8/rubygems/custom_require.rb:31:in `require'
    /opt/local/lib/ruby/gems/1.8/gems/activesupport-2.2.2/lib/active_support/dependencies.rb:153:in `require'
    /opt/local/lib/ruby/gems/1.8/gems/activesupport-2.2.2/lib/active_support/dependencies.rb:521:in `new_constants_in'
    /opt/local/lib/ruby/gems/1.8/gems/activesupport-2.2.2/lib/active_support/dependencies.rb:153:in `require'
    /opt/local/lib/ruby/gems/1.8/gems/rails-2.2.2/lib/commands/server.rb:49
    /opt/local/lib/ruby/vendor_ruby/1.8/rubygems/custom_require.rb:31:in `gem_original_require'
    /opt/local/lib/ruby/vendor_ruby/1.8/rubygems/custom_require.rb:31:in `require'
    ./script/server:3

Rendered /opt/local/lib/ruby/gems/1.8/gems/actionpack-2.2.2/lib/action_controller/templates/rescues/_trace (92.2ms)
Rendered /opt/local/lib/ruby/gems/1.8/gems/actionpack-2.2.2/lib/action_controller/templates/rescues/_request_and_response (0.8ms)
Rendering /opt/local/lib/ruby/gems/1.8/gems/actionpack-2.2.2/lib/action_controller/templates/rescues/layout.erb (internal_server_error)


Processing UserSessionsController#new (for 127.0.0.1 at 2009-03-24 16:12:04) [GET]
  Parameters: {"action"=>"new", "controller"=>"user_sessions"}
Rendering template within layouts/application
Rendering user_sessions/new
  [4;36;1mSQL (0.3ms)[0m   [0;1mSELECT count(*) AS count_all FROM "users" WHERE (last_request_at > '2009-03-24 21:02:04') [0m
Completed in 118ms (View: 108, DB: 0) | 200 OK [http://localhost/user_sessions/new]


Processing UserSessionsController#new (for 127.0.0.1 at 2009-03-24 16:12:14) [GET]
  Parameters: {"action"=>"new", "controller"=>"user_sessions"}
Rendering template within layouts/application
Rendering user_sessions/new
  [4;35;1mSQL (0.2ms)[0m   [0mSELECT count(*) AS count_all FROM "users" WHERE (last_request_at > '2009-03-24 21:02:14') [0m
Completed in 15ms (View: 6, DB: 0) | 200 OK [http://localhost/user_sessions/new]
